<?xml version="1.0" encoding="UTF-8"?>
<!-- Generated by org.testng.reporters.JUnitReportReporter -->
<testsuite skipped="0" hostname="Antony" name="Test.FirtsTest" tests="1" failures="0" timestamp="2020-02-12T13:15:22 PST" time="5.938" errors="0">
  <testcase name="FirtsTestES" time="5.938" classname="Test.FirtsTest"/>
</testsuite> <!-- Test.FirtsTest -->
